#! /usr/bin/vvp
:ivl_version "10.3 (stable)";
:ivl_delay_selection "TYPICAL";
:vpi_time_precision - 9;
:vpi_module "system";
:vpi_module "vhdl_sys";
:vpi_module "v2005_math";
:vpi_module "va_math";
S_0x7ffff4bd5370 .scope module, "home_work5_tb" "home_work5_tb" 2 4;
 .timescale -9 -9;
v0x7ffff4c078a0_0 .var "a", 3 0;
v0x7ffff4c07980_0 .var "b", 3 0;
v0x7ffff4c07a50_0 .net "cout", 0 0, L_0x7ffff4c09640;  1 drivers
v0x7ffff4c07b70_0 .net "sum", 3 0, L_0x7ffff4c096f0;  1 drivers
S_0x7ffff4bd51a0 .scope module, "ripple_carry" "home_work5" 2 10, 3 3 0, S_0x7ffff4bd5370;
 .timescale -9 -9;
    .port_info 0 /OUTPUT 4 "Sum"
    .port_info 1 /OUTPUT 1 "Cout"
    .port_info 2 /INPUT 4 "a"
    .port_info 3 /INPUT 4 "b"
v0x7ffff4c072c0_0 .net "Cout", 0 0, L_0x7ffff4c09640;  alias, 1 drivers
v0x7ffff4c07360_0 .net "Sum", 3 0, L_0x7ffff4c096f0;  alias, 1 drivers
v0x7ffff4c07420_0 .net "a", 3 0, v0x7ffff4c078a0_0;  1 drivers
v0x7ffff4c07510_0 .net "b", 3 0, v0x7ffff4c07980_0;  1 drivers
v0x7ffff4c075f0_0 .net "c1", 0 0, L_0x7ffff4c07fe0;  1 drivers
v0x7ffff4c076e0_0 .net "c2", 0 0, L_0x7ffff4c08750;  1 drivers
v0x7ffff4c07780_0 .net "c3", 0 0, L_0x7ffff4c08e30;  1 drivers
L_0x7ffff4c08090 .part v0x7ffff4c078a0_0, 0, 1;
L_0x7ffff4c081e0 .part v0x7ffff4c07980_0, 0, 1;
L_0x7ffff4c08890 .part v0x7ffff4c078a0_0, 1, 1;
L_0x7ffff4c089c0 .part v0x7ffff4c07980_0, 1, 1;
L_0x7ffff4c08f70 .part v0x7ffff4c078a0_0, 2, 1;
L_0x7ffff4c09130 .part v0x7ffff4c07980_0, 2, 1;
L_0x7ffff4c096f0 .concat8 [ 1 1 1 1], L_0x7ffff4c07e00, L_0x7ffff4c08530, L_0x7ffff4c08c10, L_0x7ffff4c09470;
L_0x7ffff4c09790 .part v0x7ffff4c078a0_0, 3, 1;
L_0x7ffff4c09910 .part v0x7ffff4c07980_0, 3, 1;
S_0x7ffff4bd4d90 .scope module, "U0" "full_adder" 3 8, 4 3 0, S_0x7ffff4bd51a0;
 .timescale -9 -9;
    .port_info 0 /OUTPUT 1 "Sum"
    .port_info 1 /OUTPUT 1 "Cout"
    .port_info 2 /INPUT 1 "a"
    .port_info 3 /INPUT 1 "b"
    .port_info 4 /INPUT 1 "Cin"
L_0x7ffff4c07fe0 .functor OR 1, L_0x7ffff4c07f00, L_0x7ffff4c07d20, C4<0>, C4<0>;
L_0x7f9617500018 .functor BUFT 1, C4<0>, C4<0>, C4<0>, C4<0>;
v0x7ffff4c02be0_0 .net "Cin", 0 0, L_0x7f9617500018;  1 drivers
v0x7ffff4c02ca0_0 .net "Cout", 0 0, L_0x7ffff4c07fe0;  alias, 1 drivers
v0x7ffff4c02d40_0 .net "Sum", 0 0, L_0x7ffff4c07e00;  1 drivers
v0x7ffff4c02e40_0 .net "a", 0 0, L_0x7ffff4c08090;  1 drivers
v0x7ffff4c02f10_0 .net "b", 0 0, L_0x7ffff4c081e0;  1 drivers
v0x7ffff4c03000_0 .net "ha_1_cout", 0 0, L_0x7ffff4c07d20;  1 drivers
v0x7ffff4c030d0_0 .net "ha_1_sum", 0 0, L_0x7ffff4c07c10;  1 drivers
v0x7ffff4c031c0_0 .net "ha_2_cout", 0 0, L_0x7ffff4c07f00;  1 drivers
S_0x7ffff4bd8e50 .scope module, "U0" "half_adder" 4 7, 5 1 0, S_0x7ffff4bd4d90;
 .timescale -9 -9;
    .port_info 0 /OUTPUT 1 "Sum"
    .port_info 1 /OUTPUT 1 "Cout"
    .port_info 2 /INPUT 1 "a"
    .port_info 3 /INPUT 1 "b"
L_0x7ffff4c07c10 .functor XOR 1, L_0x7ffff4c08090, L_0x7ffff4c081e0, C4<0>, C4<0>;
L_0x7ffff4c07d20 .functor AND 1, L_0x7ffff4c08090, L_0x7ffff4c081e0, C4<1>, C4<1>;
v0x7ffff4bd6170_0 .net "Cout", 0 0, L_0x7ffff4c07d20;  alias, 1 drivers
v0x7ffff4bd4a20_0 .net "Sum", 0 0, L_0x7ffff4c07c10;  alias, 1 drivers
v0x7ffff4c023f0_0 .net "a", 0 0, L_0x7ffff4c08090;  alias, 1 drivers
v0x7ffff4c02490_0 .net "b", 0 0, L_0x7ffff4c081e0;  alias, 1 drivers
S_0x7ffff4c025d0 .scope module, "U1" "half_adder" 4 8, 5 1 0, S_0x7ffff4bd4d90;
 .timescale -9 -9;
    .port_info 0 /OUTPUT 1 "Sum"
    .port_info 1 /OUTPUT 1 "Cout"
    .port_info 2 /INPUT 1 "a"
    .port_info 3 /INPUT 1 "b"
L_0x7ffff4c07e00 .functor XOR 1, L_0x7ffff4c07c10, L_0x7f9617500018, C4<0>, C4<0>;
L_0x7ffff4c07f00 .functor AND 1, L_0x7ffff4c07c10, L_0x7f9617500018, C4<1>, C4<1>;
v0x7ffff4c02830_0 .net "Cout", 0 0, L_0x7ffff4c07f00;  alias, 1 drivers
v0x7ffff4c028f0_0 .net "Sum", 0 0, L_0x7ffff4c07e00;  alias, 1 drivers
v0x7ffff4c029b0_0 .net "a", 0 0, L_0x7ffff4c07c10;  alias, 1 drivers
v0x7ffff4c02ab0_0 .net "b", 0 0, L_0x7f9617500018;  alias, 1 drivers
S_0x7ffff4c03290 .scope module, "U1" "full_adder" 3 9, 4 3 0, S_0x7ffff4bd51a0;
 .timescale -9 -9;
    .port_info 0 /OUTPUT 1 "Sum"
    .port_info 1 /OUTPUT 1 "Cout"
    .port_info 2 /INPUT 1 "a"
    .port_info 3 /INPUT 1 "b"
    .port_info 4 /INPUT 1 "Cin"
L_0x7ffff4c08750 .functor OR 1, L_0x7ffff4c086c0, L_0x7ffff4c08450, C4<0>, C4<0>;
v0x7ffff4c04130_0 .net "Cin", 0 0, L_0x7ffff4c07fe0;  alias, 1 drivers
v0x7ffff4c04240_0 .net "Cout", 0 0, L_0x7ffff4c08750;  alias, 1 drivers
v0x7ffff4c04300_0 .net "Sum", 0 0, L_0x7ffff4c08530;  1 drivers
v0x7ffff4c043a0_0 .net "a", 0 0, L_0x7ffff4c08890;  1 drivers
v0x7ffff4c04470_0 .net "b", 0 0, L_0x7ffff4c089c0;  1 drivers
v0x7ffff4c04560_0 .net "ha_1_cout", 0 0, L_0x7ffff4c08450;  1 drivers
v0x7ffff4c04630_0 .net "ha_1_sum", 0 0, L_0x7ffff4c083a0;  1 drivers
v0x7ffff4c04720_0 .net "ha_2_cout", 0 0, L_0x7ffff4c086c0;  1 drivers
S_0x7ffff4c034e0 .scope module, "U0" "half_adder" 4 7, 5 1 0, S_0x7ffff4c03290;
 .timescale -9 -9;
    .port_info 0 /OUTPUT 1 "Sum"
    .port_info 1 /OUTPUT 1 "Cout"
    .port_info 2 /INPUT 1 "a"
    .port_info 3 /INPUT 1 "b"
L_0x7ffff4c083a0 .functor XOR 1, L_0x7ffff4c08890, L_0x7ffff4c089c0, C4<0>, C4<0>;
L_0x7ffff4c08450 .functor AND 1, L_0x7ffff4c08890, L_0x7ffff4c089c0, C4<1>, C4<1>;
v0x7ffff4c03750_0 .net "Cout", 0 0, L_0x7ffff4c08450;  alias, 1 drivers
v0x7ffff4c03830_0 .net "Sum", 0 0, L_0x7ffff4c083a0;  alias, 1 drivers
v0x7ffff4c038f0_0 .net "a", 0 0, L_0x7ffff4c08890;  alias, 1 drivers
v0x7ffff4c039c0_0 .net "b", 0 0, L_0x7ffff4c089c0;  alias, 1 drivers
S_0x7ffff4c03b30 .scope module, "U1" "half_adder" 4 8, 5 1 0, S_0x7ffff4c03290;
 .timescale -9 -9;
    .port_info 0 /OUTPUT 1 "Sum"
    .port_info 1 /OUTPUT 1 "Cout"
    .port_info 2 /INPUT 1 "a"
    .port_info 3 /INPUT 1 "b"
L_0x7ffff4c08530 .functor XOR 1, L_0x7ffff4c083a0, L_0x7ffff4c07fe0, C4<0>, C4<0>;
L_0x7ffff4c086c0 .functor AND 1, L_0x7ffff4c083a0, L_0x7ffff4c07fe0, C4<1>, C4<1>;
v0x7ffff4c03d90_0 .net "Cout", 0 0, L_0x7ffff4c086c0;  alias, 1 drivers
v0x7ffff4c03e50_0 .net "Sum", 0 0, L_0x7ffff4c08530;  alias, 1 drivers
v0x7ffff4c03f10_0 .net "a", 0 0, L_0x7ffff4c083a0;  alias, 1 drivers
v0x7ffff4c04010_0 .net "b", 0 0, L_0x7ffff4c07fe0;  alias, 1 drivers
S_0x7ffff4c047f0 .scope module, "U2" "full_adder" 3 10, 4 3 0, S_0x7ffff4bd51a0;
 .timescale -9 -9;
    .port_info 0 /OUTPUT 1 "Sum"
    .port_info 1 /OUTPUT 1 "Cout"
    .port_info 2 /INPUT 1 "a"
    .port_info 3 /INPUT 1 "b"
    .port_info 4 /INPUT 1 "Cin"
L_0x7ffff4c08e30 .functor OR 1, L_0x7ffff4c08da0, L_0x7ffff4c08b80, C4<0>, C4<0>;
v0x7ffff4c056a0_0 .net "Cin", 0 0, L_0x7ffff4c08750;  alias, 1 drivers
v0x7ffff4c057b0_0 .net "Cout", 0 0, L_0x7ffff4c08e30;  alias, 1 drivers
v0x7ffff4c05870_0 .net "Sum", 0 0, L_0x7ffff4c08c10;  1 drivers
v0x7ffff4c05910_0 .net "a", 0 0, L_0x7ffff4c08f70;  1 drivers
v0x7ffff4c059e0_0 .net "b", 0 0, L_0x7ffff4c09130;  1 drivers
v0x7ffff4c05ad0_0 .net "ha_1_cout", 0 0, L_0x7ffff4c08b80;  1 drivers
v0x7ffff4c05ba0_0 .net "ha_1_sum", 0 0, L_0x7ffff4c08af0;  1 drivers
v0x7ffff4c05c90_0 .net "ha_2_cout", 0 0, L_0x7ffff4c08da0;  1 drivers
S_0x7ffff4c04a70 .scope module, "U0" "half_adder" 4 7, 5 1 0, S_0x7ffff4c047f0;
 .timescale -9 -9;
    .port_info 0 /OUTPUT 1 "Sum"
    .port_info 1 /OUTPUT 1 "Cout"
    .port_info 2 /INPUT 1 "a"
    .port_info 3 /INPUT 1 "b"
L_0x7ffff4c08af0 .functor XOR 1, L_0x7ffff4c08f70, L_0x7ffff4c09130, C4<0>, C4<0>;
L_0x7ffff4c08b80 .functor AND 1, L_0x7ffff4c08f70, L_0x7ffff4c09130, C4<1>, C4<1>;
v0x7ffff4c04ce0_0 .net "Cout", 0 0, L_0x7ffff4c08b80;  alias, 1 drivers
v0x7ffff4c04da0_0 .net "Sum", 0 0, L_0x7ffff4c08af0;  alias, 1 drivers
v0x7ffff4c04e60_0 .net "a", 0 0, L_0x7ffff4c08f70;  alias, 1 drivers
v0x7ffff4c04f30_0 .net "b", 0 0, L_0x7ffff4c09130;  alias, 1 drivers
S_0x7ffff4c050a0 .scope module, "U1" "half_adder" 4 8, 5 1 0, S_0x7ffff4c047f0;
 .timescale -9 -9;
    .port_info 0 /OUTPUT 1 "Sum"
    .port_info 1 /OUTPUT 1 "Cout"
    .port_info 2 /INPUT 1 "a"
    .port_info 3 /INPUT 1 "b"
L_0x7ffff4c08c10 .functor XOR 1, L_0x7ffff4c08af0, L_0x7ffff4c08750, C4<0>, C4<0>;
L_0x7ffff4c08da0 .functor AND 1, L_0x7ffff4c08af0, L_0x7ffff4c08750, C4<1>, C4<1>;
v0x7ffff4c05300_0 .net "Cout", 0 0, L_0x7ffff4c08da0;  alias, 1 drivers
v0x7ffff4c053c0_0 .net "Sum", 0 0, L_0x7ffff4c08c10;  alias, 1 drivers
v0x7ffff4c05480_0 .net "a", 0 0, L_0x7ffff4c08af0;  alias, 1 drivers
v0x7ffff4c05580_0 .net "b", 0 0, L_0x7ffff4c08750;  alias, 1 drivers
S_0x7ffff4c05d60 .scope module, "U3" "full_adder" 3 11, 4 3 0, S_0x7ffff4bd51a0;
 .timescale -9 -9;
    .port_info 0 /OUTPUT 1 "Sum"
    .port_info 1 /OUTPUT 1 "Cout"
    .port_info 2 /INPUT 1 "a"
    .port_info 3 /INPUT 1 "b"
    .port_info 4 /INPUT 1 "Cin"
L_0x7ffff4c09640 .functor OR 1, L_0x7ffff4c095b0, L_0x7ffff4c093e0, C4<0>, C4<0>;
v0x7ffff4c06c00_0 .net "Cin", 0 0, L_0x7ffff4c08e30;  alias, 1 drivers
v0x7ffff4c06d10_0 .net "Cout", 0 0, L_0x7ffff4c09640;  alias, 1 drivers
v0x7ffff4c06dd0_0 .net "Sum", 0 0, L_0x7ffff4c09470;  1 drivers
v0x7ffff4c06e70_0 .net "a", 0 0, L_0x7ffff4c09790;  1 drivers
v0x7ffff4c06f40_0 .net "b", 0 0, L_0x7ffff4c09910;  1 drivers
v0x7ffff4c07030_0 .net "ha_1_cout", 0 0, L_0x7ffff4c093e0;  1 drivers
v0x7ffff4c07100_0 .net "ha_1_sum", 0 0, L_0x7ffff4c09330;  1 drivers
v0x7ffff4c071f0_0 .net "ha_2_cout", 0 0, L_0x7ffff4c095b0;  1 drivers
S_0x7ffff4c05fb0 .scope module, "U0" "half_adder" 4 7, 5 1 0, S_0x7ffff4c05d60;
 .timescale -9 -9;
    .port_info 0 /OUTPUT 1 "Sum"
    .port_info 1 /OUTPUT 1 "Cout"
    .port_info 2 /INPUT 1 "a"
    .port_info 3 /INPUT 1 "b"
L_0x7ffff4c09330 .functor XOR 1, L_0x7ffff4c09790, L_0x7ffff4c09910, C4<0>, C4<0>;
L_0x7ffff4c093e0 .functor AND 1, L_0x7ffff4c09790, L_0x7ffff4c09910, C4<1>, C4<1>;
v0x7ffff4c06220_0 .net "Cout", 0 0, L_0x7ffff4c093e0;  alias, 1 drivers
v0x7ffff4c06300_0 .net "Sum", 0 0, L_0x7ffff4c09330;  alias, 1 drivers
v0x7ffff4c063c0_0 .net "a", 0 0, L_0x7ffff4c09790;  alias, 1 drivers
v0x7ffff4c06490_0 .net "b", 0 0, L_0x7ffff4c09910;  alias, 1 drivers
S_0x7ffff4c06600 .scope module, "U1" "half_adder" 4 8, 5 1 0, S_0x7ffff4c05d60;
 .timescale -9 -9;
    .port_info 0 /OUTPUT 1 "Sum"
    .port_info 1 /OUTPUT 1 "Cout"
    .port_info 2 /INPUT 1 "a"
    .port_info 3 /INPUT 1 "b"
L_0x7ffff4c09470 .functor XOR 1, L_0x7ffff4c09330, L_0x7ffff4c08e30, C4<0>, C4<0>;
L_0x7ffff4c095b0 .functor AND 1, L_0x7ffff4c09330, L_0x7ffff4c08e30, C4<1>, C4<1>;
v0x7ffff4c06860_0 .net "Cout", 0 0, L_0x7ffff4c095b0;  alias, 1 drivers
v0x7ffff4c06920_0 .net "Sum", 0 0, L_0x7ffff4c09470;  alias, 1 drivers
v0x7ffff4c069e0_0 .net "a", 0 0, L_0x7ffff4c09330;  alias, 1 drivers
v0x7ffff4c06ae0_0 .net "b", 0 0, L_0x7ffff4c08e30;  alias, 1 drivers
    .scope S_0x7ffff4bd5370;
T_0 ;
    %vpi_call 2 13 "$dumpfile", "dump.vcd" {0 0 0};
    %vpi_call 2 14 "$dumpvars" {0 0 0};
    %pushi/vec4 0, 0, 4;
    %store/vec4 v0x7ffff4c078a0_0, 0, 4;
    %pushi/vec4 10, 0, 4;
    %store/vec4 v0x7ffff4c07980_0, 0, 4;
    %delay 10, 0;
    %pushi/vec4 0, 0, 4;
    %store/vec4 v0x7ffff4c078a0_0, 0, 4;
    %pushi/vec4 10, 0, 4;
    %store/vec4 v0x7ffff4c07980_0, 0, 4;
    %delay 10, 0;
    %pushi/vec4 0, 0, 4;
    %store/vec4 v0x7ffff4c078a0_0, 0, 4;
    %pushi/vec4 10, 0, 4;
    %store/vec4 v0x7ffff4c07980_0, 0, 4;
    %delay 10, 0;
    %pushi/vec4 1, 0, 4;
    %store/vec4 v0x7ffff4c078a0_0, 0, 4;
    %pushi/vec4 14, 0, 4;
    %store/vec4 v0x7ffff4c07980_0, 0, 4;
    %delay 10, 0;
    %pushi/vec4 12, 0, 4;
    %store/vec4 v0x7ffff4c078a0_0, 0, 4;
    %pushi/vec4 3, 0, 4;
    %store/vec4 v0x7ffff4c07980_0, 0, 4;
    %delay 10, 0;
    %pushi/vec4 4, 0, 4;
    %store/vec4 v0x7ffff4c078a0_0, 0, 4;
    %pushi/vec4 11, 0, 4;
    %store/vec4 v0x7ffff4c07980_0, 0, 4;
    %end;
    .thread T_0;
# The file index is used to find the file name in the following table.
:file_names 6;
    "N/A";
    "<interactive>";
    "home_work5_tb.v";
    "./home_work5.v";
    "./full_adder.v";
    "./half_adder.v";
