#! /usr/bin/vvp
:ivl_version "10.3 (stable)";
:ivl_delay_selection "TYPICAL";
:vpi_time_precision - 9;
:vpi_module "system";
:vpi_module "vhdl_sys";
:vpi_module "v2005_math";
:vpi_module "va_math";
S_0x7fffde15be00 .scope module, "home_work1_tb" "home_work1_tb" 2 4;
 .timescale -9 -9;
v0x7fffde16d160_0 .var "x", 0 0;
v0x7fffde16d230_0 .var "y", 0 0;
v0x7fffde16d300_0 .net "z", 0 0, L_0x7fffde16d540;  1 drivers
S_0x7fffde15bf80 .scope module, "hw4" "home_work4" 2 9, 3 1 0, S_0x7fffde15be00;
 .timescale -9 -9;
    .port_info 0 /OUTPUT 1 "z"
    .port_info 1 /INPUT 1 "x"
    .port_info 2 /INPUT 1 "y"
L_0x7fffde16d400 .functor XOR 1, v0x7fffde16d160_0, v0x7fffde16d230_0, C4<0>, C4<0>;
L_0x7fffde16d540 .functor AND 1, L_0x7fffde16d400, v0x7fffde16d160_0, C4<1>, C4<1>;
v0x7fffde15d060_0 .net "a", 0 0, L_0x7fffde16d400;  1 drivers
v0x7fffde16cec0_0 .net "x", 0 0, v0x7fffde16d160_0;  1 drivers
v0x7fffde16cf80_0 .net "y", 0 0, v0x7fffde16d230_0;  1 drivers
v0x7fffde16d020_0 .net "z", 0 0, L_0x7fffde16d540;  alias, 1 drivers
    .scope S_0x7fffde15be00;
T_0 ;
    %vpi_call 2 12 "$dumpfile", "home_work1.vcd" {0 0 0};
    %vpi_call 2 13 "$dumpvars" {0 0 0};
    %pushi/vec4 1, 0, 1;
    %store/vec4 v0x7fffde16d160_0, 0, 1;
    %pushi/vec4 1, 0, 1;
    %store/vec4 v0x7fffde16d230_0, 0, 1;
    %delay 20, 0;
    %pushi/vec4 0, 0, 1;
    %store/vec4 v0x7fffde16d160_0, 0, 1;
    %pushi/vec4 0, 0, 1;
    %store/vec4 v0x7fffde16d230_0, 0, 1;
    %delay 20, 0;
    %pushi/vec4 0, 0, 1;
    %store/vec4 v0x7fffde16d160_0, 0, 1;
    %pushi/vec4 1, 0, 1;
    %store/vec4 v0x7fffde16d230_0, 0, 1;
    %delay 20, 0;
    %pushi/vec4 1, 0, 1;
    %store/vec4 v0x7fffde16d160_0, 0, 1;
    %pushi/vec4 0, 0, 1;
    %store/vec4 v0x7fffde16d230_0, 0, 1;
    %delay 20, 0;
    %end;
    .thread T_0;
# The file index is used to find the file name in the following table.
:file_names 4;
    "N/A";
    "<interactive>";
    "home_work1_tb.v";
    "./home_work4.v";
